Wed, 19 Sep 2018 16:28:40 api_test.py[line:76] ERROR illegal IP address string passed to inet_aton
Wed, 19 Sep 2018 16:28:40 api_test.py[line:77] INFO ["'{'", '\xb2\xbb\xca\xc7\xc4\xda\xb2\xbf\xbb\xf2\xcd\xe2\xb2\xbf\xc3\xfc\xc1\xee\xa3\xac\xd2\xb2\xb2\xbb\xca\xc7\xbf\xc9\xd4\xcb\xd0\xd0\xb5\xc4\xb3\xcc\xd0\xf2', '\xbb\xf2\xc5\xfa\xb4\xa6\xc0\xed\xce\xc4\xbc\xfe\xa1\xa3']
Wed, 19 Sep 2018 16:28:40 api_test.py[line:80] INFO has not changed
Wed, 19 Sep 2018 16:29:04 api_test.py[line:77] ERROR illegal IP address string passed to inet_aton
Wed, 19 Sep 2018 16:29:04 api_test.py[line:78] INFO ["'{'", '\xb2\xbb\xca\xc7\xc4\xda\xb2\xbf\xbb\xf2\xcd\xe2\xb2\xbf\xc3\xfc\xc1\xee\xa3\xac\xd2\xb2\xb2\xbb\xca\xc7\xbf\xc9\xd4\xcb\xd0\xd0\xb5\xc4\xb3\xcc\xd0\xf2', '\xbb\xf2\xc5\xfa\xb4\xa6\xc0\xed\xce\xc4\xbc\xfe\xa1\xa3']
Wed, 19 Sep 2018 16:29:04 api_test.py[line:81] INFO has not changed
Wed, 19 Sep 2018 16:29:28 api_test.py[line:77] ERROR illegal IP address string passed to inet_aton
Wed, 19 Sep 2018 16:29:28 api_test.py[line:78] INFO ["'{'", '\xb2\xbb\xca\xc7\xc4\xda\xb2\xbf\xbb\xf2\xcd\xe2\xb2\xbf\xc3\xfc\xc1\xee\xa3\xac\xd2\xb2\xb2\xbb\xca\xc7\xbf\xc9\xd4\xcb\xd0\xd0\xb5\xc4\xb3\xcc\xd0\xf2', '\xbb\xf2\xc5\xfa\xb4\xa6\xc0\xed\xce\xc4\xbc\xfe\xa1\xa3']
Wed, 19 Sep 2018 16:29:28 api_test.py[line:81] INFO has not changed
Wed, 19 Sep 2018 16:33:40 api_test.py[line:76] ERROR illegal IP address string passed to inet_aton
Wed, 19 Sep 2018 16:33:40 api_test.py[line:77] INFO ["'{'", '\xb2\xbb\xca\xc7\xc4\xda\xb2\xbf\xbb\xf2\xcd\xe2\xb2\xbf\xc3\xfc\xc1\xee\xa3\xac\xd2\xb2\xb2\xbb\xca\xc7\xbf\xc9\xd4\xcb\xd0\xd0\xb5\xc4\xb3\xcc\xd0\xf2', '\xbb\xf2\xc5\xfa\xb4\xa6\xc0\xed\xce\xc4\xbc\xfe\xa1\xa3']
Wed, 19 Sep 2018 16:33:40 api_test.py[line:80] INFO has not changed
Wed, 19 Sep 2018 16:38:40 api_test.py[line:76] ERROR illegal IP address string passed to inet_aton
Wed, 19 Sep 2018 16:38:40 api_test.py[line:77] INFO ["'{'", '\xb2\xbb\xca\xc7\xc4\xda\xb2\xbf\xbb\xf2\xcd\xe2\xb2\xbf\xc3\xfc\xc1\xee\xa3\xac\xd2\xb2\xb2\xbb\xca\xc7\xbf\xc9\xd4\xcb\xd0\xd0\xb5\xc4\xb3\xcc\xd0\xf2', '\xbb\xf2\xc5\xfa\xb4\xa6\xc0\xed\xce\xc4\xbc\xfe\xa1\xa3']
Wed, 19 Sep 2018 16:38:40 api_test.py[line:80] INFO has not changed
Wed, 19 Sep 2018 16:43:40 api_test.py[line:76] ERROR illegal IP address string passed to inet_aton
Wed, 19 Sep 2018 16:43:40 api_test.py[line:77] INFO ["'{'", '\xb2\xbb\xca\xc7\xc4\xda\xb2\xbf\xbb\xf2\xcd\xe2\xb2\xbf\xc3\xfc\xc1\xee\xa3\xac\xd2\xb2\xb2\xbb\xca\xc7\xbf\xc9\xd4\xcb\xd0\xd0\xb5\xc4\xb3\xcc\xd0\xf2', '\xbb\xf2\xc5\xfa\xb4\xa6\xc0\xed\xce\xc4\xbc\xfe\xa1\xa3']
Wed, 19 Sep 2018 16:43:40 api_test.py[line:80] INFO has not changed
Wed, 19 Sep 2018 16:48:40 api_test.py[line:76] ERROR illegal IP address string passed to inet_aton
Wed, 19 Sep 2018 16:48:40 api_test.py[line:77] INFO ["'{'", '\xb2\xbb\xca\xc7\xc4\xda\xb2\xbf\xbb\xf2\xcd\xe2\xb2\xbf\xc3\xfc\xc1\xee\xa3\xac\xd2\xb2\xb2\xbb\xca\xc7\xbf\xc9\xd4\xcb\xd0\xd0\xb5\xc4\xb3\xcc\xd0\xf2', '\xbb\xf2\xc5\xfa\xb4\xa6\xc0\xed\xce\xc4\xbc\xfe\xa1\xa3']
Wed, 19 Sep 2018 16:48:40 api_test.py[line:80] INFO has not changed
Wed, 19 Sep 2018 16:49:00 transport.py[line:1687] INFO Connected (version 2.0, client OpenSSH_5.3)
Wed, 19 Sep 2018 16:49:00 transport.py[line:1687] INFO Authentication (password) successful!
Wed, 19 Sep 2018 16:49:00 api_test.py[line:64] ERROR global name 'domain_ip' is not defined
Wed, 19 Sep 2018 16:49:01 transport.py[line:1687] INFO Connected (version 2.0, client OpenSSH_5.3)
Wed, 19 Sep 2018 16:49:01 transport.py[line:1687] INFO Authentication (password) successful!
Wed, 19 Sep 2018 16:49:01 api_test.py[line:64] ERROR global name 'domain_ip' is not defined
Wed, 19 Sep 2018 16:49:02 transport.py[line:1687] INFO Connected (version 2.0, client OpenSSH_5.3)
Wed, 19 Sep 2018 16:49:02 transport.py[line:1687] INFO Authentication (password) successful!
Wed, 19 Sep 2018 16:49:02 api_test.py[line:64] ERROR global name 'domain_ip' is not defined
Wed, 19 Sep 2018 16:49:03 transport.py[line:1687] INFO Connected (version 2.0, client OpenSSH_5.3)
Wed, 19 Sep 2018 16:49:03 transport.py[line:1687] INFO Authentication (password) successful!
Wed, 19 Sep 2018 16:49:03 api_test.py[line:64] ERROR global name 'domain_ip' is not defined
Wed, 19 Sep 2018 16:49:04 transport.py[line:1687] INFO Connected (version 2.0, client OpenSSH_5.3)
Wed, 19 Sep 2018 16:49:04 transport.py[line:1687] INFO Authentication (password) successful!
Wed, 19 Sep 2018 16:49:04 api_test.py[line:64] ERROR global name 'domain_ip' is not defined
Wed, 19 Sep 2018 16:49:05 transport.py[line:1687] INFO Connected (version 2.0, client OpenSSH_5.3)
Wed, 19 Sep 2018 16:49:05 transport.py[line:1687] INFO Authentication (password) successful!
Wed, 19 Sep 2018 16:49:05 api_test.py[line:64] ERROR global name 'domain_ip' is not defined
Wed, 19 Sep 2018 16:49:06 transport.py[line:1687] INFO Connected (version 2.0, client OpenSSH_5.3)
Wed, 19 Sep 2018 16:49:06 transport.py[line:1687] INFO Authentication (password) successful!
Wed, 19 Sep 2018 16:49:06 api_test.py[line:64] ERROR global name 'domain_ip' is not defined
Wed, 19 Sep 2018 16:49:07 transport.py[line:1687] INFO Connected (version 2.0, client OpenSSH_5.3)
Wed, 19 Sep 2018 16:49:07 transport.py[line:1687] INFO Authentication (password) successful!
Wed, 19 Sep 2018 16:49:07 api_test.py[line:64] ERROR global name 'domain_ip' is not defined
Wed, 19 Sep 2018 16:49:08 transport.py[line:1687] INFO Connected (version 2.0, client OpenSSH_5.3)
Wed, 19 Sep 2018 16:50:35 transport.py[line:1687] INFO Connected (version 2.0, client OpenSSH_5.3)
Wed, 19 Sep 2018 16:50:36 transport.py[line:1687] INFO Authentication (password) successful!
Wed, 19 Sep 2018 16:50:36 api_test.py[line:64] ERROR global name 'domain_ip' is not defined
Wed, 19 Sep 2018 16:50:37 transport.py[line:1687] INFO Connected (version 2.0, client OpenSSH_5.3)
Wed, 19 Sep 2018 16:50:37 transport.py[line:1687] INFO Authentication (password) successful!
Wed, 19 Sep 2018 16:50:37 api_test.py[line:64] ERROR global name 'domain_ip' is not defined
Wed, 19 Sep 2018 16:50:38 transport.py[line:1687] INFO Connected (version 2.0, client OpenSSH_5.3)
Wed, 19 Sep 2018 16:50:38 transport.py[line:1687] INFO Authentication (password) successful!
Wed, 19 Sep 2018 16:50:38 api_test.py[line:64] ERROR global name 'domain_ip' is not defined
Wed, 19 Sep 2018 16:50:39 transport.py[line:1687] INFO Connected (version 2.0, client OpenSSH_5.3)
Wed, 19 Sep 2018 16:50:39 transport.py[line:1687] INFO Authentication (password) successful!
Wed, 19 Sep 2018 16:50:39 api_test.py[line:64] ERROR global name 'domain_ip' is not defined
Wed, 19 Sep 2018 16:52:39 transport.py[line:1687] INFO Connected (version 2.0, client OpenSSH_5.3)
Wed, 19 Sep 2018 16:52:39 transport.py[line:1687] INFO Authentication (password) successful!
Wed, 19 Sep 2018 16:52:39 api_test.py[line:64] ERROR global name 'domain_ip' is not defined
Wed, 19 Sep 2018 16:52:41 transport.py[line:1687] INFO Connected (version 2.0, client OpenSSH_5.3)
Wed, 19 Sep 2018 16:52:41 transport.py[line:1687] INFO Authentication (password) successful!
Wed, 19 Sep 2018 16:52:41 api_test.py[line:64] ERROR global name 'domain_ip' is not defined
Wed, 19 Sep 2018 16:52:41 transport.py[line:1687] INFO Connected (version 2.0, client OpenSSH_5.3)
Wed, 19 Sep 2018 16:52:42 transport.py[line:1687] INFO Authentication (password) successful!
Wed, 19 Sep 2018 16:52:42 api_test.py[line:64] ERROR global name 'domain_ip' is not defined
Wed, 19 Sep 2018 16:52:42 transport.py[line:1687] INFO Connected (version 2.0, client OpenSSH_5.3)
Wed, 19 Sep 2018 16:52:43 transport.py[line:1687] INFO Authentication (password) successful!
Wed, 19 Sep 2018 16:52:43 api_test.py[line:64] ERROR global name 'domain_ip' is not defined
Wed, 19 Sep 2018 16:52:44 transport.py[line:1687] INFO Connected (version 2.0, client OpenSSH_5.3)
Wed, 19 Sep 2018 16:52:44 transport.py[line:1687] INFO Authentication (password) successful!
Wed, 19 Sep 2018 16:52:44 api_test.py[line:64] ERROR global name 'domain_ip' is not defined
Wed, 19 Sep 2018 16:52:44 transport.py[line:1687] INFO Connected (version 2.0, client OpenSSH_5.3)
Wed, 19 Sep 2018 16:52:45 transport.py[line:1687] INFO Authentication (password) successful!
Wed, 19 Sep 2018 16:52:45 api_test.py[line:64] ERROR global name 'domain_ip' is not defined
Wed, 19 Sep 2018 16:52:45 transport.py[line:1687] INFO Connected (version 2.0, client OpenSSH_5.3)
Wed, 19 Sep 2018 16:52:45 transport.py[line:1687] INFO Authentication (password) successful!
Wed, 19 Sep 2018 16:52:45 api_test.py[line:64] ERROR global name 'domain_ip' is not defined
Wed, 19 Sep 2018 16:52:46 transport.py[line:1687] INFO Connected (version 2.0, client OpenSSH_5.3)
Wed, 19 Sep 2018 16:52:46 transport.py[line:1687] INFO Authentication (password) successful!
Wed, 19 Sep 2018 16:52:46 api_test.py[line:64] ERROR global name 'domain_ip' is not defined
Wed, 19 Sep 2018 16:52:47 transport.py[line:1687] INFO Connected (version 2.0, client OpenSSH_5.3)
Wed, 19 Sep 2018 16:52:47 transport.py[line:1687] INFO Authentication (password) successful!
Wed, 19 Sep 2018 16:52:47 api_test.py[line:64] ERROR global name 'domain_ip' is not defined
Wed, 19 Sep 2018 16:52:48 transport.py[line:1687] INFO Connected (version 2.0, client OpenSSH_5.3)
Wed, 19 Sep 2018 16:52:48 transport.py[line:1687] INFO Authentication (password) successful!
Wed, 19 Sep 2018 16:52:48 api_test.py[line:64] ERROR global name 'domain_ip' is not defined
Wed, 19 Sep 2018 16:52:49 transport.py[line:1687] INFO Connected (version 2.0, client OpenSSH_5.3)
Wed, 19 Sep 2018 16:52:50 transport.py[line:1687] INFO Authentication (password) successful!
Wed, 19 Sep 2018 16:52:50 api_test.py[line:64] ERROR global name 'domain_ip' is not defined
Wed, 19 Sep 2018 16:52:51 transport.py[line:1687] INFO Connected (version 2.0, client OpenSSH_5.3)
Wed, 19 Sep 2018 16:52:51 transport.py[line:1687] INFO Authentication (password) successful!
Wed, 19 Sep 2018 16:52:51 api_test.py[line:64] ERROR global name 'domain_ip' is not defined
Wed, 19 Sep 2018 16:52:53 transport.py[line:1687] INFO Connected (version 2.0, client OpenSSH_5.3)
Wed, 19 Sep 2018 16:52:53 transport.py[line:1687] INFO Authentication (password) successful!
Wed, 19 Sep 2018 16:52:53 api_test.py[line:64] ERROR global name 'domain_ip' is not defined
Wed, 19 Sep 2018 16:52:55 transport.py[line:1687] INFO Connected (version 2.0, client OpenSSH_5.3)
Wed, 19 Sep 2018 16:52:55 transport.py[line:1687] INFO Authentication (password) successful!
Wed, 19 Sep 2018 16:52:55 api_test.py[line:64] ERROR global name 'domain_ip' is not defined
Wed, 19 Sep 2018 16:52:55 transport.py[line:1687] INFO Connected (version 2.0, client OpenSSH_5.3)
Wed, 19 Sep 2018 16:52:56 transport.py[line:1687] INFO Authentication (password) successful!
Wed, 19 Sep 2018 16:52:56 api_test.py[line:64] ERROR global name 'domain_ip' is not defined
Wed, 19 Sep 2018 16:52:56 transport.py[line:1687] INFO Connected (version 2.0, client OpenSSH_5.3)
Wed, 19 Sep 2018 16:52:57 transport.py[line:1687] INFO Authentication (password) successful!
Wed, 19 Sep 2018 16:52:57 api_test.py[line:64] ERROR global name 'domain_ip' is not defined
Wed, 19 Sep 2018 16:52:57 transport.py[line:1687] INFO Connected (version 2.0, client OpenSSH_5.3)
Wed, 19 Sep 2018 16:52:58 transport.py[line:1687] INFO Authentication (password) successful!
Wed, 19 Sep 2018 16:52:58 api_test.py[line:64] ERROR global name 'domain_ip' is not defined
Wed, 19 Sep 2018 16:53:22 transport.py[line:1687] INFO Connected (version 2.0, client OpenSSH_5.3)
Wed, 19 Sep 2018 16:53:23 transport.py[line:1687] INFO Authentication (password) successful!
Wed, 19 Sep 2018 16:53:23 api_test.py[line:65] ERROR global name 'domain_ip' is not defined
Wed, 19 Sep 2018 16:53:23 transport.py[line:1687] INFO Connected (version 2.0, client OpenSSH_5.3)
Wed, 19 Sep 2018 16:53:23 transport.py[line:1687] INFO Authentication (password) successful!
Wed, 19 Sep 2018 16:53:24 api_test.py[line:65] ERROR global name 'domain_ip' is not defined
Wed, 19 Sep 2018 16:53:24 transport.py[line:1687] INFO Connected (version 2.0, client OpenSSH_5.3)
Wed, 19 Sep 2018 16:53:25 transport.py[line:1687] INFO Authentication (password) successful!
Wed, 19 Sep 2018 16:53:25 api_test.py[line:65] ERROR global name 'domain_ip' is not defined
Wed, 19 Sep 2018 16:53:40 api_test.py[line:76] ERROR illegal IP address string passed to inet_aton
Wed, 19 Sep 2018 16:53:40 api_test.py[line:77] INFO ["'{'", '\xb2\xbb\xca\xc7\xc4\xda\xb2\xbf\xbb\xf2\xcd\xe2\xb2\xbf\xc3\xfc\xc1\xee\xa3\xac\xd2\xb2\xb2\xbb\xca\xc7\xbf\xc9\xd4\xcb\xd0\xd0\xb5\xc4\xb3\xcc\xd0\xf2', '\xbb\xf2\xc5\xfa\xb4\xa6\xc0\xed\xce\xc4\xbc\xfe\xa1\xa3']
Wed, 19 Sep 2018 16:53:40 api_test.py[line:80] INFO has not changed
Wed, 19 Sep 2018 16:54:47 transport.py[line:1687] INFO Connected (version 2.0, client OpenSSH_5.3)
Wed, 19 Sep 2018 16:54:47 transport.py[line:1687] INFO Authentication (password) successful!
Wed, 19 Sep 2018 16:54:47 api_test.py[line:65] ERROR global name 'domain_ip' is not defined
Wed, 19 Sep 2018 16:54:48 transport.py[line:1687] INFO Connected (version 2.0, client OpenSSH_5.3)
Wed, 19 Sep 2018 16:54:48 transport.py[line:1687] INFO Authentication (password) successful!
Wed, 19 Sep 2018 16:54:48 api_test.py[line:65] ERROR global name 'domain_ip' is not defined
Wed, 19 Sep 2018 16:54:49 transport.py[line:1687] INFO Connected (version 2.0, client OpenSSH_5.3)
Wed, 19 Sep 2018 16:54:49 transport.py[line:1687] INFO Authentication (password) successful!
Wed, 19 Sep 2018 16:54:49 api_test.py[line:65] ERROR global name 'domain_ip' is not defined
Wed, 19 Sep 2018 16:55:45 transport.py[line:1687] INFO Connected (version 2.0, client OpenSSH_5.3)
Wed, 19 Sep 2018 16:55:45 transport.py[line:1687] INFO Authentication (password) successful!
Wed, 19 Sep 2018 16:55:45 api_test.py[line:64] ERROR global name 'domain_ip' is not defined
Wed, 19 Sep 2018 16:56:12 transport.py[line:1687] INFO Connected (version 2.0, client OpenSSH_5.3)
Wed, 19 Sep 2018 16:56:12 transport.py[line:1687] INFO Authentication (password) successful!
Wed, 19 Sep 2018 16:56:12 api_test.py[line:63] INFO es_ip changed
Wed, 19 Sep 2018 16:56:12 api_test.py[line:69] INFO changed
Wed, 19 Sep 2018 16:56:12 api_test.py[line:70] INFO 121.225.26.9
Wed, 19 Sep 2018 16:56:35 transport.py[line:1687] INFO Connected (version 2.0, client OpenSSH_5.3)
Wed, 19 Sep 2018 16:56:35 transport.py[line:1687] INFO Authentication (password) successful!
Wed, 19 Sep 2018 16:56:35 api_test.py[line:63] INFO es_ip changed
Wed, 19 Sep 2018 16:56:35 api_test.py[line:69] INFO changed
Wed, 19 Sep 2018 16:56:35 api_test.py[line:70] INFO 121.225.26.9
Wed, 19 Sep 2018 16:56:48 transport.py[line:1687] INFO Connected (version 2.0, client OpenSSH_5.3)
Wed, 19 Sep 2018 16:56:48 transport.py[line:1687] INFO Authentication (password) successful!
Wed, 19 Sep 2018 16:56:49 api_test.py[line:63] INFO es_ip changed
Wed, 19 Sep 2018 16:56:49 api_test.py[line:69] INFO changed
Wed, 19 Sep 2018 16:56:49 api_test.py[line:70] INFO 121.225.26.9
Wed, 19 Sep 2018 16:56:54 api_test.py[line:58] INFO has not changed
Wed, 19 Sep 2018 16:57:00 api_test.py[line:58] INFO has not changed
Wed, 19 Sep 2018 16:57:06 api_test.py[line:58] INFO has not changed
Wed, 19 Sep 2018 16:57:11 api_test.py[line:58] INFO has not changed
Wed, 19 Sep 2018 16:57:17 api_test.py[line:58] INFO has not changed
Wed, 19 Sep 2018 16:57:23 api_test.py[line:58] INFO has not changed
Wed, 19 Sep 2018 16:57:28 api_test.py[line:58] INFO has not changed
Wed, 19 Sep 2018 16:57:34 api_test.py[line:58] INFO has not changed
Wed, 19 Sep 2018 16:57:40 api_test.py[line:58] INFO has not changed
Wed, 19 Sep 2018 16:57:45 api_test.py[line:58] INFO has not changed
Wed, 19 Sep 2018 16:57:51 api_test.py[line:58] INFO has not changed
Wed, 19 Sep 2018 16:58:40 api_test.py[line:76] ERROR illegal IP address string passed to inet_aton
Wed, 19 Sep 2018 16:58:40 api_test.py[line:77] INFO ["'{'", '\xb2\xbb\xca\xc7\xc4\xda\xb2\xbf\xbb\xf2\xcd\xe2\xb2\xbf\xc3\xfc\xc1\xee\xa3\xac\xd2\xb2\xb2\xbb\xca\xc7\xbf\xc9\xd4\xcb\xd0\xd0\xb5\xc4\xb3\xcc\xd0\xf2', '\xbb\xf2\xc5\xfa\xb4\xa6\xc0\xed\xce\xc4\xbc\xfe\xa1\xa3']
Wed, 19 Sep 2018 16:58:40 api_test.py[line:80] INFO has not changed
Wed, 19 Sep 2018 16:59:50 api_test.py[line:49] INFO has not changed
Wed, 19 Sep 2018 16:59:55 api_test.py[line:49] INFO has not changed
Wed, 19 Sep 2018 17:00:01 api_test.py[line:49] INFO has not changed
Wed, 19 Sep 2018 17:00:06 api_test.py[line:49] INFO has not changed
Wed, 19 Sep 2018 17:00:12 api_test.py[line:49] INFO has not changed
Wed, 19 Sep 2018 17:03:40 api_test.py[line:76] ERROR illegal IP address string passed to inet_aton
Wed, 19 Sep 2018 17:03:40 api_test.py[line:77] INFO ["'{'", '\xb2\xbb\xca\xc7\xc4\xda\xb2\xbf\xbb\xf2\xcd\xe2\xb2\xbf\xc3\xfc\xc1\xee\xa3\xac\xd2\xb2\xb2\xbb\xca\xc7\xbf\xc9\xd4\xcb\xd0\xd0\xb5\xc4\xb3\xcc\xd0\xf2', '\xbb\xf2\xc5\xfa\xb4\xa6\xc0\xed\xce\xc4\xbc\xfe\xa1\xa3']
Wed, 19 Sep 2018 17:03:40 api_test.py[line:80] INFO has not changed
Wed, 19 Sep 2018 17:08:40 api_test.py[line:76] ERROR illegal IP address string passed to inet_aton
Wed, 19 Sep 2018 17:08:40 api_test.py[line:77] INFO ["'{'", '\xb2\xbb\xca\xc7\xc4\xda\xb2\xbf\xbb\xf2\xcd\xe2\xb2\xbf\xc3\xfc\xc1\xee\xa3\xac\xd2\xb2\xb2\xbb\xca\xc7\xbf\xc9\xd4\xcb\xd0\xd0\xb5\xc4\xb3\xcc\xd0\xf2', '\xbb\xf2\xc5\xfa\xb4\xa6\xc0\xed\xce\xc4\xbc\xfe\xa1\xa3']
Wed, 19 Sep 2018 17:08:40 api_test.py[line:80] INFO has not changed
Wed, 19 Sep 2018 17:13:41 api_test.py[line:76] ERROR illegal IP address string passed to inet_aton
Wed, 19 Sep 2018 17:13:41 api_test.py[line:77] INFO ["'{'", '\xb2\xbb\xca\xc7\xc4\xda\xb2\xbf\xbb\xf2\xcd\xe2\xb2\xbf\xc3\xfc\xc1\xee\xa3\xac\xd2\xb2\xb2\xbb\xca\xc7\xbf\xc9\xd4\xcb\xd0\xd0\xb5\xc4\xb3\xcc\xd0\xf2', '\xbb\xf2\xc5\xfa\xb4\xa6\xc0\xed\xce\xc4\xbc\xfe\xa1\xa3']
Wed, 19 Sep 2018 17:13:41 api_test.py[line:80] INFO has not changed
Wed, 19 Sep 2018 17:18:41 api_test.py[line:76] ERROR illegal IP address string passed to inet_aton
Wed, 19 Sep 2018 17:18:41 api_test.py[line:77] INFO ["'{'", '\xb2\xbb\xca\xc7\xc4\xda\xb2\xbf\xbb\xf2\xcd\xe2\xb2\xbf\xc3\xfc\xc1\xee\xa3\xac\xd2\xb2\xb2\xbb\xca\xc7\xbf\xc9\xd4\xcb\xd0\xd0\xb5\xc4\xb3\xcc\xd0\xf2', '\xbb\xf2\xc5\xfa\xb4\xa6\xc0\xed\xce\xc4\xbc\xfe\xa1\xa3']
Wed, 19 Sep 2018 17:18:41 api_test.py[line:80] INFO has not changed
Wed, 19 Sep 2018 17:23:41 api_test.py[line:76] ERROR illegal IP address string passed to inet_aton
Wed, 19 Sep 2018 17:23:41 api_test.py[line:77] INFO ["'{'", '\xb2\xbb\xca\xc7\xc4\xda\xb2\xbf\xbb\xf2\xcd\xe2\xb2\xbf\xc3\xfc\xc1\xee\xa3\xac\xd2\xb2\xb2\xbb\xca\xc7\xbf\xc9\xd4\xcb\xd0\xd0\xb5\xc4\xb3\xcc\xd0\xf2', '\xbb\xf2\xc5\xfa\xb4\xa6\xc0\xed\xce\xc4\xbc\xfe\xa1\xa3']
Wed, 19 Sep 2018 17:23:41 api_test.py[line:80] INFO has not changed
Wed, 19 Sep 2018 17:28:41 api_test.py[line:76] ERROR illegal IP address string passed to inet_aton
Wed, 19 Sep 2018 17:28:41 api_test.py[line:77] INFO ["'{'", '\xb2\xbb\xca\xc7\xc4\xda\xb2\xbf\xbb\xf2\xcd\xe2\xb2\xbf\xc3\xfc\xc1\xee\xa3\xac\xd2\xb2\xb2\xbb\xca\xc7\xbf\xc9\xd4\xcb\xd0\xd0\xb5\xc4\xb3\xcc\xd0\xf2', '\xbb\xf2\xc5\xfa\xb4\xa6\xc0\xed\xce\xc4\xbc\xfe\xa1\xa3']
Wed, 19 Sep 2018 17:28:41 api_test.py[line:80] INFO has not changed
Wed, 19 Sep 2018 17:33:41 api_test.py[line:76] ERROR illegal IP address string passed to inet_aton
Wed, 19 Sep 2018 17:33:41 api_test.py[line:77] INFO ["'{'", '\xb2\xbb\xca\xc7\xc4\xda\xb2\xbf\xbb\xf2\xcd\xe2\xb2\xbf\xc3\xfc\xc1\xee\xa3\xac\xd2\xb2\xb2\xbb\xca\xc7\xbf\xc9\xd4\xcb\xd0\xd0\xb5\xc4\xb3\xcc\xd0\xf2', '\xbb\xf2\xc5\xfa\xb4\xa6\xc0\xed\xce\xc4\xbc\xfe\xa1\xa3']
Wed, 19 Sep 2018 17:33:41 api_test.py[line:80] INFO has not changed
Wed, 19 Sep 2018 17:38:41 api_test.py[line:76] ERROR illegal IP address string passed to inet_aton
Wed, 19 Sep 2018 17:38:41 api_test.py[line:77] INFO ["'{'", '\xb2\xbb\xca\xc7\xc4\xda\xb2\xbf\xbb\xf2\xcd\xe2\xb2\xbf\xc3\xfc\xc1\xee\xa3\xac\xd2\xb2\xb2\xbb\xca\xc7\xbf\xc9\xd4\xcb\xd0\xd0\xb5\xc4\xb3\xcc\xd0\xf2', '\xbb\xf2\xc5\xfa\xb4\xa6\xc0\xed\xce\xc4\xbc\xfe\xa1\xa3']
Wed, 19 Sep 2018 17:38:41 api_test.py[line:80] INFO has not changed
Wed, 19 Sep 2018 17:43:41 api_test.py[line:76] ERROR illegal IP address string passed to inet_aton
Wed, 19 Sep 2018 17:43:41 api_test.py[line:77] INFO ["'{'", '\xb2\xbb\xca\xc7\xc4\xda\xb2\xbf\xbb\xf2\xcd\xe2\xb2\xbf\xc3\xfc\xc1\xee\xa3\xac\xd2\xb2\xb2\xbb\xca\xc7\xbf\xc9\xd4\xcb\xd0\xd0\xb5\xc4\xb3\xcc\xd0\xf2', '\xbb\xf2\xc5\xfa\xb4\xa6\xc0\xed\xce\xc4\xbc\xfe\xa1\xa3']
Wed, 19 Sep 2018 17:43:41 api_test.py[line:80] INFO has not changed
Wed, 19 Sep 2018 17:48:41 api_test.py[line:76] ERROR illegal IP address string passed to inet_aton
Wed, 19 Sep 2018 17:48:41 api_test.py[line:77] INFO ["'{'", '\xb2\xbb\xca\xc7\xc4\xda\xb2\xbf\xbb\xf2\xcd\xe2\xb2\xbf\xc3\xfc\xc1\xee\xa3\xac\xd2\xb2\xb2\xbb\xca\xc7\xbf\xc9\xd4\xcb\xd0\xd0\xb5\xc4\xb3\xcc\xd0\xf2', '\xbb\xf2\xc5\xfa\xb4\xa6\xc0\xed\xce\xc4\xbc\xfe\xa1\xa3']
Wed, 19 Sep 2018 17:48:41 api_test.py[line:80] INFO has not changed
Wed, 19 Sep 2018 17:53:41 api_test.py[line:76] ERROR illegal IP address string passed to inet_aton
Wed, 19 Sep 2018 17:53:41 api_test.py[line:77] INFO ["'{'", '\xb2\xbb\xca\xc7\xc4\xda\xb2\xbf\xbb\xf2\xcd\xe2\xb2\xbf\xc3\xfc\xc1\xee\xa3\xac\xd2\xb2\xb2\xbb\xca\xc7\xbf\xc9\xd4\xcb\xd0\xd0\xb5\xc4\xb3\xcc\xd0\xf2', '\xbb\xf2\xc5\xfa\xb4\xa6\xc0\xed\xce\xc4\xbc\xfe\xa1\xa3']
Wed, 19 Sep 2018 17:53:41 api_test.py[line:80] INFO has not changed
Wed, 19 Sep 2018 17:58:41 api_test.py[line:76] ERROR illegal IP address string passed to inet_aton
Wed, 19 Sep 2018 17:58:41 api_test.py[line:77] INFO ["'{'", '\xb2\xbb\xca\xc7\xc4\xda\xb2\xbf\xbb\xf2\xcd\xe2\xb2\xbf\xc3\xfc\xc1\xee\xa3\xac\xd2\xb2\xb2\xbb\xca\xc7\xbf\xc9\xd4\xcb\xd0\xd0\xb5\xc4\xb3\xcc\xd0\xf2', '\xbb\xf2\xc5\xfa\xb4\xa6\xc0\xed\xce\xc4\xbc\xfe\xa1\xa3']
Wed, 19 Sep 2018 17:58:41 api_test.py[line:80] INFO has not changed
Wed, 19 Sep 2018 18:03:41 api_test.py[line:76] ERROR illegal IP address string passed to inet_aton
Wed, 19 Sep 2018 18:03:41 api_test.py[line:77] INFO ["'{'", '\xb2\xbb\xca\xc7\xc4\xda\xb2\xbf\xbb\xf2\xcd\xe2\xb2\xbf\xc3\xfc\xc1\xee\xa3\xac\xd2\xb2\xb2\xbb\xca\xc7\xbf\xc9\xd4\xcb\xd0\xd0\xb5\xc4\xb3\xcc\xd0\xf2', '\xbb\xf2\xc5\xfa\xb4\xa6\xc0\xed\xce\xc4\xbc\xfe\xa1\xa3']
Wed, 19 Sep 2018 18:03:41 api_test.py[line:80] INFO has not changed
Wed, 19 Sep 2018 18:08:41 api_test.py[line:76] ERROR illegal IP address string passed to inet_aton
Wed, 19 Sep 2018 18:08:41 api_test.py[line:77] INFO ["'{'", '\xb2\xbb\xca\xc7\xc4\xda\xb2\xbf\xbb\xf2\xcd\xe2\xb2\xbf\xc3\xfc\xc1\xee\xa3\xac\xd2\xb2\xb2\xbb\xca\xc7\xbf\xc9\xd4\xcb\xd0\xd0\xb5\xc4\xb3\xcc\xd0\xf2', '\xbb\xf2\xc5\xfa\xb4\xa6\xc0\xed\xce\xc4\xbc\xfe\xa1\xa3']
Wed, 19 Sep 2018 18:08:41 api_test.py[line:80] INFO has not changed
Wed, 19 Sep 2018 18:13:41 api_test.py[line:76] ERROR illegal IP address string passed to inet_aton
Wed, 19 Sep 2018 18:13:41 api_test.py[line:77] INFO ["'{'", '\xb2\xbb\xca\xc7\xc4\xda\xb2\xbf\xbb\xf2\xcd\xe2\xb2\xbf\xc3\xfc\xc1\xee\xa3\xac\xd2\xb2\xb2\xbb\xca\xc7\xbf\xc9\xd4\xcb\xd0\xd0\xb5\xc4\xb3\xcc\xd0\xf2', '\xbb\xf2\xc5\xfa\xb4\xa6\xc0\xed\xce\xc4\xbc\xfe\xa1\xa3']
Wed, 19 Sep 2018 18:13:41 api_test.py[line:80] INFO has not changed
Wed, 19 Sep 2018 18:18:41 api_test.py[line:76] ERROR illegal IP address string passed to inet_aton
Wed, 19 Sep 2018 18:18:41 api_test.py[line:77] INFO ["'{'", '\xb2\xbb\xca\xc7\xc4\xda\xb2\xbf\xbb\xf2\xcd\xe2\xb2\xbf\xc3\xfc\xc1\xee\xa3\xac\xd2\xb2\xb2\xbb\xca\xc7\xbf\xc9\xd4\xcb\xd0\xd0\xb5\xc4\xb3\xcc\xd0\xf2', '\xbb\xf2\xc5\xfa\xb4\xa6\xc0\xed\xce\xc4\xbc\xfe\xa1\xa3']
Wed, 19 Sep 2018 18:18:41 api_test.py[line:80] INFO has not changed
Wed, 19 Sep 2018 18:23:41 api_test.py[line:76] ERROR illegal IP address string passed to inet_aton
Wed, 19 Sep 2018 18:23:41 api_test.py[line:77] INFO ["'{'", '\xb2\xbb\xca\xc7\xc4\xda\xb2\xbf\xbb\xf2\xcd\xe2\xb2\xbf\xc3\xfc\xc1\xee\xa3\xac\xd2\xb2\xb2\xbb\xca\xc7\xbf\xc9\xd4\xcb\xd0\xd0\xb5\xc4\xb3\xcc\xd0\xf2', '\xbb\xf2\xc5\xfa\xb4\xa6\xc0\xed\xce\xc4\xbc\xfe\xa1\xa3']
Wed, 19 Sep 2018 18:23:41 api_test.py[line:80] INFO has not changed
Wed, 19 Sep 2018 18:28:41 api_test.py[line:76] ERROR illegal IP address string passed to inet_aton
Wed, 19 Sep 2018 18:28:41 api_test.py[line:77] INFO ["'{'", '\xb2\xbb\xca\xc7\xc4\xda\xb2\xbf\xbb\xf2\xcd\xe2\xb2\xbf\xc3\xfc\xc1\xee\xa3\xac\xd2\xb2\xb2\xbb\xca\xc7\xbf\xc9\xd4\xcb\xd0\xd0\xb5\xc4\xb3\xcc\xd0\xf2', '\xbb\xf2\xc5\xfa\xb4\xa6\xc0\xed\xce\xc4\xbc\xfe\xa1\xa3']
Wed, 19 Sep 2018 18:28:41 api_test.py[line:80] INFO has not changed
Wed, 19 Sep 2018 18:33:41 api_test.py[line:76] ERROR illegal IP address string passed to inet_aton
Wed, 19 Sep 2018 18:33:41 api_test.py[line:77] INFO ["'{'", '\xb2\xbb\xca\xc7\xc4\xda\xb2\xbf\xbb\xf2\xcd\xe2\xb2\xbf\xc3\xfc\xc1\xee\xa3\xac\xd2\xb2\xb2\xbb\xca\xc7\xbf\xc9\xd4\xcb\xd0\xd0\xb5\xc4\xb3\xcc\xd0\xf2', '\xbb\xf2\xc5\xfa\xb4\xa6\xc0\xed\xce\xc4\xbc\xfe\xa1\xa3']
Wed, 19 Sep 2018 18:33:41 api_test.py[line:80] INFO has not changed
Wed, 19 Sep 2018 18:38:41 api_test.py[line:76] ERROR illegal IP address string passed to inet_aton
Wed, 19 Sep 2018 18:38:41 api_test.py[line:77] INFO ["'{'", '\xb2\xbb\xca\xc7\xc4\xda\xb2\xbf\xbb\xf2\xcd\xe2\xb2\xbf\xc3\xfc\xc1\xee\xa3\xac\xd2\xb2\xb2\xbb\xca\xc7\xbf\xc9\xd4\xcb\xd0\xd0\xb5\xc4\xb3\xcc\xd0\xf2', '\xbb\xf2\xc5\xfa\xb4\xa6\xc0\xed\xce\xc4\xbc\xfe\xa1\xa3']
Wed, 19 Sep 2018 18:38:41 api_test.py[line:80] INFO has not changed
Wed, 19 Sep 2018 18:43:41 api_test.py[line:76] ERROR illegal IP address string passed to inet_aton
Wed, 19 Sep 2018 18:43:41 api_test.py[line:77] INFO ["'{'", '\xb2\xbb\xca\xc7\xc4\xda\xb2\xbf\xbb\xf2\xcd\xe2\xb2\xbf\xc3\xfc\xc1\xee\xa3\xac\xd2\xb2\xb2\xbb\xca\xc7\xbf\xc9\xd4\xcb\xd0\xd0\xb5\xc4\xb3\xcc\xd0\xf2', '\xbb\xf2\xc5\xfa\xb4\xa6\xc0\xed\xce\xc4\xbc\xfe\xa1\xa3']
Wed, 19 Sep 2018 18:43:41 api_test.py[line:80] INFO has not changed
Wed, 19 Sep 2018 18:48:41 api_test.py[line:76] ERROR illegal IP address string passed to inet_aton
Wed, 19 Sep 2018 18:48:41 api_test.py[line:77] INFO ["'{'", '\xb2\xbb\xca\xc7\xc4\xda\xb2\xbf\xbb\xf2\xcd\xe2\xb2\xbf\xc3\xfc\xc1\xee\xa3\xac\xd2\xb2\xb2\xbb\xca\xc7\xbf\xc9\xd4\xcb\xd0\xd0\xb5\xc4\xb3\xcc\xd0\xf2', '\xbb\xf2\xc5\xfa\xb4\xa6\xc0\xed\xce\xc4\xbc\xfe\xa1\xa3']
Wed, 19 Sep 2018 18:48:41 api_test.py[line:80] INFO has not changed
Wed, 19 Sep 2018 18:53:41 api_test.py[line:76] ERROR illegal IP address string passed to inet_aton
Wed, 19 Sep 2018 18:53:41 api_test.py[line:77] INFO ["'{'", '\xb2\xbb\xca\xc7\xc4\xda\xb2\xbf\xbb\xf2\xcd\xe2\xb2\xbf\xc3\xfc\xc1\xee\xa3\xac\xd2\xb2\xb2\xbb\xca\xc7\xbf\xc9\xd4\xcb\xd0\xd0\xb5\xc4\xb3\xcc\xd0\xf2', '\xbb\xf2\xc5\xfa\xb4\xa6\xc0\xed\xce\xc4\xbc\xfe\xa1\xa3']
Wed, 19 Sep 2018 18:53:41 api_test.py[line:80] INFO has not changed
Wed, 19 Sep 2018 18:58:41 api_test.py[line:76] ERROR illegal IP address string passed to inet_aton
Wed, 19 Sep 2018 18:58:41 api_test.py[line:77] INFO ["'{'", '\xb2\xbb\xca\xc7\xc4\xda\xb2\xbf\xbb\xf2\xcd\xe2\xb2\xbf\xc3\xfc\xc1\xee\xa3\xac\xd2\xb2\xb2\xbb\xca\xc7\xbf\xc9\xd4\xcb\xd0\xd0\xb5\xc4\xb3\xcc\xd0\xf2', '\xbb\xf2\xc5\xfa\xb4\xa6\xc0\xed\xce\xc4\xbc\xfe\xa1\xa3']
Wed, 19 Sep 2018 18:58:41 api_test.py[line:80] INFO has not changed
Wed, 19 Sep 2018 19:03:41 api_test.py[line:76] ERROR illegal IP address string passed to inet_aton
Wed, 19 Sep 2018 19:03:41 api_test.py[line:77] INFO ["'{'", '\xb2\xbb\xca\xc7\xc4\xda\xb2\xbf\xbb\xf2\xcd\xe2\xb2\xbf\xc3\xfc\xc1\xee\xa3\xac\xd2\xb2\xb2\xbb\xca\xc7\xbf\xc9\xd4\xcb\xd0\xd0\xb5\xc4\xb3\xcc\xd0\xf2', '\xbb\xf2\xc5\xfa\xb4\xa6\xc0\xed\xce\xc4\xbc\xfe\xa1\xa3']
Wed, 19 Sep 2018 19:03:41 api_test.py[line:80] INFO has not changed
Wed, 19 Sep 2018 19:08:41 api_test.py[line:76] ERROR illegal IP address string passed to inet_aton
Wed, 19 Sep 2018 19:08:41 api_test.py[line:77] INFO ["'{'", '\xb2\xbb\xca\xc7\xc4\xda\xb2\xbf\xbb\xf2\xcd\xe2\xb2\xbf\xc3\xfc\xc1\xee\xa3\xac\xd2\xb2\xb2\xbb\xca\xc7\xbf\xc9\xd4\xcb\xd0\xd0\xb5\xc4\xb3\xcc\xd0\xf2', '\xbb\xf2\xc5\xfa\xb4\xa6\xc0\xed\xce\xc4\xbc\xfe\xa1\xa3']
Wed, 19 Sep 2018 19:08:41 api_test.py[line:80] INFO has not changed
Wed, 19 Sep 2018 19:13:41 api_test.py[line:76] ERROR illegal IP address string passed to inet_aton
Wed, 19 Sep 2018 19:13:41 api_test.py[line:77] INFO ["'{'", '\xb2\xbb\xca\xc7\xc4\xda\xb2\xbf\xbb\xf2\xcd\xe2\xb2\xbf\xc3\xfc\xc1\xee\xa3\xac\xd2\xb2\xb2\xbb\xca\xc7\xbf\xc9\xd4\xcb\xd0\xd0\xb5\xc4\xb3\xcc\xd0\xf2', '\xbb\xf2\xc5\xfa\xb4\xa6\xc0\xed\xce\xc4\xbc\xfe\xa1\xa3']
Wed, 19 Sep 2018 19:13:41 api_test.py[line:80] INFO has not changed
Thu, 20 Sep 2018 11:28:11 transport.py[line:1687] INFO Connected (version 2.0, client OpenSSH_5.3)
Thu, 20 Sep 2018 11:28:11 transport.py[line:1687] INFO Authentication (password) successful!
Thu, 20 Sep 2018 11:28:12 api_test.py[line:55] INFO es_ip changed
Thu, 20 Sep 2018 11:28:12 api_test.py[line:61] INFO changed
Thu, 20 Sep 2018 11:28:12 api_test.py[line:62] INFO 180.109.37.236
Thu, 20 Sep 2018 11:28:17 api_test.py[line:49] INFO has not changed
Thu, 20 Sep 2018 11:28:23 api_test.py[line:49] INFO has not changed
Thu, 20 Sep 2018 11:28:29 api_test.py[line:49] INFO has not changed
Thu, 20 Sep 2018 11:28:35 api_test.py[line:49] INFO has not changed
Thu, 20 Sep 2018 11:29:50 transport.py[line:1687] INFO Connected (version 2.0, client OpenSSH_5.3)
Thu, 20 Sep 2018 11:29:50 transport.py[line:1687] INFO Authentication (password) successful!
Thu, 20 Sep 2018 11:29:50 api_test.py[line:56] INFO es_ip changed
Thu, 20 Sep 2018 11:29:50 api_test.py[line:62] INFO changed
Thu, 20 Sep 2018 11:29:50 api_test.py[line:63] INFO 180.109.37.236
Thu, 20 Sep 2018 11:29:56 api_test.py[line:50] INFO has not changed
Thu, 20 Sep 2018 11:30:05 transport.py[line:1687] INFO Connected (version 2.0, client OpenSSH_5.3)
Thu, 20 Sep 2018 11:30:05 transport.py[line:1687] INFO Authentication (password) successful!
Thu, 20 Sep 2018 11:30:06 api_test.py[line:56] INFO es_ip changed
Thu, 20 Sep 2018 11:30:06 api_test.py[line:62] INFO changed
Thu, 20 Sep 2018 11:30:06 api_test.py[line:63] INFO 180.109.37.236
Thu, 20 Sep 2018 11:30:11 api_test.py[line:50] INFO has not changed
Thu, 20 Sep 2018 11:30:17 api_test.py[line:50] INFO has not changed
Thu, 20 Sep 2018 11:30:23 api_test.py[line:50] INFO has not changed
Thu, 20 Sep 2018 11:30:28 api_test.py[line:50] INFO has not changed
Thu, 20 Sep 2018 11:30:34 api_test.py[line:50] INFO has not changed
Thu, 20 Sep 2018 11:30:40 api_test.py[line:50] INFO has not changed
Thu, 20 Sep 2018 11:30:46 api_test.py[line:50] INFO has not changed
Thu, 20 Sep 2018 11:30:51 api_test.py[line:50] INFO has not changed
Thu, 20 Sep 2018 11:30:58 api_test.py[line:50] INFO has not changed
Thu, 20 Sep 2018 11:31:04 api_test.py[line:50] INFO has not changed
Thu, 20 Sep 2018 11:31:09 api_test.py[line:50] INFO has not changed
Thu, 20 Sep 2018 11:31:16 api_test.py[line:50] INFO has not changed
Thu, 20 Sep 2018 11:31:22 api_test.py[line:50] INFO has not changed
Thu, 20 Sep 2018 11:31:28 api_test.py[line:50] INFO has not changed
Thu, 20 Sep 2018 11:31:33 api_test.py[line:50] INFO has not changed
Thu, 20 Sep 2018 11:31:39 api_test.py[line:50] INFO has not changed
Thu, 20 Sep 2018 11:31:44 api_test.py[line:50] INFO has not changed
Thu, 20 Sep 2018 11:31:50 api_test.py[line:50] INFO has not changed
Thu, 20 Sep 2018 11:31:56 api_test.py[line:50] INFO has not changed
Thu, 20 Sep 2018 11:48:07 transport.py[line:1687] INFO Connected (version 2.0, client OpenSSH_5.3)
Thu, 20 Sep 2018 11:48:07 transport.py[line:1687] INFO Authentication (password) successful!
Thu, 20 Sep 2018 11:48:07 api_test.py[line:55] INFO es_ip changed
Thu, 20 Sep 2018 11:48:07 api_test.py[line:61] INFO changed
Thu, 20 Sep 2018 11:48:07 api_test.py[line:62] INFO 180.109.37.236
Thu, 20 Sep 2018 11:48:13 api_test.py[line:49] INFO has not changed
Thu, 20 Sep 2018 11:48:19 api_test.py[line:49] INFO has not changed
Thu, 20 Sep 2018 11:48:24 api_test.py[line:49] INFO has not changed
Thu, 20 Sep 2018 11:48:30 api_test.py[line:49] INFO has not changed
Thu, 20 Sep 2018 11:48:36 api_test.py[line:49] INFO has not changed
Thu, 20 Sep 2018 11:48:41 api_test.py[line:49] INFO has not changed
Thu, 20 Sep 2018 11:48:47 api_test.py[line:49] INFO has not changed
Thu, 20 Sep 2018 11:48:53 api_test.py[line:49] INFO has not changed
Thu, 20 Sep 2018 11:48:59 api_test.py[line:49] INFO has not changed
Thu, 20 Sep 2018 11:49:04 api_test.py[line:49] INFO has not changed
Thu, 20 Sep 2018 11:49:10 api_test.py[line:49] INFO has not changed
Thu, 20 Sep 2018 11:49:16 api_test.py[line:49] INFO has not changed
Thu, 20 Sep 2018 11:49:21 api_test.py[line:49] INFO has not changed
Thu, 20 Sep 2018 11:49:27 api_test.py[line:49] INFO has not changed
Thu, 20 Sep 2018 11:49:33 api_test.py[line:49] INFO has not changed
Thu, 20 Sep 2018 11:49:39 api_test.py[line:49] INFO has not changed
Thu, 20 Sep 2018 11:49:44 api_test.py[line:49] INFO has not changed
Thu, 20 Sep 2018 11:49:50 api_test.py[line:49] INFO has not changed
Thu, 20 Sep 2018 11:49:55 api_test.py[line:49] INFO has not changed
Thu, 20 Sep 2018 11:50:01 api_test.py[line:49] INFO has not changed
Thu, 20 Sep 2018 11:50:07 api_test.py[line:49] INFO has not changed
Thu, 20 Sep 2018 11:50:13 api_test.py[line:49] INFO has not changed
Thu, 20 Sep 2018 11:50:18 api_test.py[line:49] INFO has not changed
Thu, 20 Sep 2018 11:50:24 api_test.py[line:49] INFO has not changed
Thu, 20 Sep 2018 11:50:30 api_test.py[line:49] INFO has not changed
Thu, 20 Sep 2018 11:50:35 api_test.py[line:49] INFO has not changed
Thu, 20 Sep 2018 11:50:41 api_test.py[line:49] INFO has not changed
Thu, 20 Sep 2018 11:50:47 api_test.py[line:49] INFO has not changed
Thu, 20 Sep 2018 11:50:53 api_test.py[line:49] INFO has not changed
Thu, 20 Sep 2018 11:50:58 api_test.py[line:49] INFO has not changed
Thu, 20 Sep 2018 11:51:04 api_test.py[line:49] INFO has not changed
Thu, 20 Sep 2018 11:51:10 api_test.py[line:49] INFO has not changed
Thu, 20 Sep 2018 11:51:16 api_test.py[line:49] INFO has not changed
Thu, 20 Sep 2018 11:51:21 api_test.py[line:49] INFO has not changed
Thu, 20 Sep 2018 11:51:27 api_test.py[line:49] INFO has not changed
Thu, 20 Sep 2018 11:51:32 api_test.py[line:49] INFO has not changed
Thu, 20 Sep 2018 11:51:38 api_test.py[line:49] INFO has not changed
Thu, 20 Sep 2018 11:51:44 api_test.py[line:49] INFO has not changed
Thu, 20 Sep 2018 11:51:50 api_test.py[line:49] INFO has not changed
Thu, 20 Sep 2018 11:51:56 api_test.py[line:49] INFO has not changed
Thu, 20 Sep 2018 11:52:13 transport.py[line:1687] INFO Connected (version 2.0, client OpenSSH_5.3)
Thu, 20 Sep 2018 11:52:13 transport.py[line:1687] INFO Authentication (password) successful!
Thu, 20 Sep 2018 11:52:13 api_test.py[line:55] INFO es_ip changed
Thu, 20 Sep 2018 11:52:13 api_test.py[line:61] INFO changed
Thu, 20 Sep 2018 11:52:13 api_test.py[line:62] INFO 180.109.37.236
Thu, 20 Sep 2018 11:52:19 api_test.py[line:49] INFO has not changed
Thu, 20 Sep 2018 11:52:25 api_test.py[line:49] INFO has not changed
Thu, 20 Sep 2018 11:52:31 api_test.py[line:49] INFO has not changed
Thu, 20 Sep 2018 11:52:36 api_test.py[line:49] INFO has not changed
Thu, 20 Sep 2018 11:53:13 transport.py[line:1687] INFO Connected (version 2.0, client OpenSSH_5.3)
Thu, 20 Sep 2018 11:53:14 transport.py[line:1687] INFO Authentication (password) successful!
Thu, 20 Sep 2018 11:53:14 api_test.py[line:55] INFO es_ip changed
Thu, 20 Sep 2018 11:53:14 api_test.py[line:61] INFO changed
Thu, 20 Sep 2018 11:53:14 api_test.py[line:62] INFO 180.109.37.236
Thu, 20 Sep 2018 11:53:20 api_test.py[line:49] INFO has not changed
Thu, 20 Sep 2018 11:53:26 api_test.py[line:49] INFO has not changed
Thu, 20 Sep 2018 11:53:36 transport.py[line:1687] INFO Connected (version 2.0, client OpenSSH_5.3)
Thu, 20 Sep 2018 11:53:36 transport.py[line:1687] INFO Authentication (password) successful!
Thu, 20 Sep 2018 11:53:36 api_test.py[line:55] INFO es_ip changed
Thu, 20 Sep 2018 11:53:36 api_test.py[line:61] INFO changed
Thu, 20 Sep 2018 11:53:36 api_test.py[line:62] INFO 180.109.37.236
Thu, 20 Sep 2018 11:53:42 api_test.py[line:49] INFO has not changed
Thu, 20 Sep 2018 12:00:41 transport.py[line:1687] INFO Connected (version 2.0, client OpenSSH_5.3)
Thu, 20 Sep 2018 12:00:43 transport.py[line:1687] INFO Authentication (password) successful!
Thu, 20 Sep 2018 12:00:43 api_test.py[line:58] INFO es_ip changed
Thu, 20 Sep 2018 12:00:43 api_test.py[line:64] INFO changed
Thu, 20 Sep 2018 12:00:43 api_test.py[line:65] INFO 180.109.37.236
Thu, 20 Sep 2018 12:00:49 api_test.py[line:52] INFO has not changed
Thu, 20 Sep 2018 12:00:55 api_test.py[line:52] INFO has not changed
Thu, 20 Sep 2018 12:01:01 api_test.py[line:52] INFO has not changed
